Added Component: Designator=*1(ultrasonik)
Added Component: Designator=1(3v3regulatorum_)
Added Component: Designator=2(5vregulatorum_)
Added Component: Designator=C1(RAD-0.3)
Added Component: Designator=C2(RAD-0.3)
Added Component: Designator=C3(RAD-0.3)
Added Component: Designator=C4(RAD-0.3)
Added Component: Designator=EKRAN1(EKRAN - duplicate)
Added Component: Designator=KLEMENTS1(klements)
Added Component: Designator=msp1(msp430_)
Added Component: Designator=R1(AXIAL-0.3)
Added Component: Designator=u1(ultrasonik)
Added Pin To Net: NetName=3V Pin=1-1
Added Pin To Net: NetName=3V Pin=C1-2
Added Pin To Net: NetName=3V Pin=msp1-6
Added Pin To Net: NetName=3V Pin=msp1-11
Added Net: Name=3V
Added Pin To Net: NetName=5V Pin=*1-1
Added Pin To Net: NetName=5V Pin=1-2
Added Pin To Net: NetName=5V Pin=2-3
Added Pin To Net: NetName=5V Pin=C2-2
Added Pin To Net: NetName=5V Pin=C4-2
Added Pin To Net: NetName=5V Pin=EKRAN1-2
Added Pin To Net: NetName=5V Pin=u1-1
Added Net: Name=5V
Added Pin To Net: NetName=9V Pin=2-1
Added Pin To Net: NetName=9V Pin=C3-2
Added Pin To Net: NetName=9V Pin=KLEMENTS1-1
Added Net: Name=9V
Added Pin To Net: NetName=GND Pin=*1-4
Added Pin To Net: NetName=GND Pin=1-0
Added Pin To Net: NetName=GND Pin=2-2
Added Pin To Net: NetName=GND Pin=C1-1
Added Pin To Net: NetName=GND Pin=C2-1
Added Pin To Net: NetName=GND Pin=C3-1
Added Pin To Net: NetName=GND Pin=C4-1
Added Pin To Net: NetName=GND Pin=EKRAN1-1
Added Pin To Net: NetName=GND Pin=EKRAN1-5
Added Pin To Net: NetName=GND Pin=KLEMENTS1-2
Added Pin To Net: NetName=GND Pin=msp1-10
Added Pin To Net: NetName=GND Pin=R1-1
Added Pin To Net: NetName=GND Pin=u1-4
Added Net: Name=GND
Added Pin To Net: NetName=Net*1_2 Pin=*1-2
Added Pin To Net: NetName=Net*1_2 Pin=msp1-3
Added Net: Name=Net*1_2
Added Pin To Net: NetName=Net*1_3 Pin=*1-3
Added Pin To Net: NetName=Net*1_3 Pin=msp1-2
Added Net: Name=Net*1_3
Added Pin To Net: NetName=NetEKRAN1_3 Pin=EKRAN1-3
Added Pin To Net: NetName=NetEKRAN1_3 Pin=R1-2
Added Net: Name=NetEKRAN1_3
Added Pin To Net: NetName=NetEKRAN1_4 Pin=EKRAN1-4
Added Pin To Net: NetName=NetEKRAN1_4 Pin=msp1-16
Added Net: Name=NetEKRAN1_4
Added Pin To Net: NetName=NetEKRAN1_6 Pin=EKRAN1-6
Added Pin To Net: NetName=NetEKRAN1_6 Pin=msp1-17
Added Net: Name=NetEKRAN1_6
Added Pin To Net: NetName=NetEKRAN1_11 Pin=EKRAN1-11
Added Pin To Net: NetName=NetEKRAN1_11 Pin=msp1-12
Added Net: Name=NetEKRAN1_11
Added Pin To Net: NetName=NetEKRAN1_12 Pin=EKRAN1-12
Added Pin To Net: NetName=NetEKRAN1_12 Pin=msp1-13
Added Net: Name=NetEKRAN1_12
Added Pin To Net: NetName=NetEKRAN1_13 Pin=EKRAN1-13
Added Pin To Net: NetName=NetEKRAN1_13 Pin=msp1-14
Added Net: Name=NetEKRAN1_13
Added Pin To Net: NetName=NetEKRAN1_14 Pin=EKRAN1-14
Added Pin To Net: NetName=NetEKRAN1_14 Pin=msp1-15
Added Net: Name=NetEKRAN1_14
Added Pin To Net: NetName=Netmsp1_19 Pin=msp1-19
Added Pin To Net: NetName=Netmsp1_19 Pin=u1-2
Added Net: Name=Netmsp1_19
Added Pin To Net: NetName=Netmsp1_20 Pin=msp1-20
Added Pin To Net: NetName=Netmsp1_20 Pin=u1-3
Added Net: Name=Netmsp1_20
Added Class: Name=sematik
Added Room: Name=sematik
